// 重构日志: 3d845bf6
// 重构日志: af0a730a
// 同步 ID: 0621caa7 @ Wed Jun 24 18:06:22 UTC 2026
// 同步 ID: 8eba0c90 @ Fri Jun 26 12:19:36 UTC 2026
// 同步 ID: 45f285d4 @ Sun Jun 28 08:39:23 UTC 2026
// 同步 ID: 75e1961b @ Tue Jul  7 00:38:52 UTC 2026
// 同步 ID: ecaa4241 @ Tue Jul 14 11:24:41 UTC 2026
// 同步 ID: d04a53f7 @ Tue Jul 14 15:51:51 UTC 2026
// 同步 ID: d8bfb883 @ Wed Jul 15 05:26:47 UTC 2026
// 重构日志: e7d41619
// 同步 ID: e30f330b @ Fri Jul 17 08:48:14 UTC 2026
// 重构日志: 9cb355a8
// 重构日志: ea0a7140
// 重构日志: c1a29ec9
// 同步 ID: 52cf7410 @ Sun Jul 19 15:32:01 UTC 2026
// 重构日志: 0a5e9845
// 重构日志: c9e02a2a
// 重构日志: 6c855809
// 同步 ID: 83249621 @ Wed Jul 22 11:05:22 UTC 2026
// 同步 ID: 7555683a @ Thu Jul 23 11:38:28 UTC 2026
